<?xml version="1.0" encoding="UTF-8"?>
<!-- Generated by org.testng.reporters.JUnitReportReporter -->
<testsuite skipped="0" hostname="DESKTOP-986UGOM" name="com.test.testngExamples.SecondTest" tests="1" failures="0" timestamp="17 Apr 2017 04:03:23 GMT" time="0.002" errors="0">
  <testcase name="f" time="0.002" classname="com.test.testngExamples.SecondTest"/>
</testsuite> <!-- com.test.testngExamples.SecondTest -->
