<?xml version="1.0" encoding="UTF-8"?>
<!-- Generated by org.testng.reporters.JUnitReportReporter -->
<testsuite skipped="0" hostname="DESKTOP-986UGOM" name="com.test.testngExamples.FirstTest" tests="2" failures="0" timestamp="22 Apr 2017 23:44:07 GMT" time="28.029" errors="0">
  <testcase name="RegisterUser" time="14.782" classname="com.test.testngExamples.FirstTest"/>
  <testcase name="PurchaseTicket" time="13.247" classname="com.test.testngExamples.FirstTest"/>
</testsuite> <!-- com.test.testngExamples.FirstTest -->
