<?xml version="1.0" encoding="UTF-8"?>
<!-- Generated by org.testng.reporters.JUnitReportReporter -->
<testsuite skipped="0" hostname="DESKTOP-986UGOM" name="com.test.testngExamples.PriorityExamples" tests="2" failures="0" timestamp="17 Apr 2017 04:25:11 GMT" time="26.870" errors="0">
  <testcase name="RegisterUser" time="15.353" classname="com.test.testngExamples.PriorityExamples"/>
  <testcase name="PurchaseTicket" time="11.517" classname="com.test.testngExamples.PriorityExamples"/>
</testsuite> <!-- com.test.testngExamples.PriorityExamples -->
